<?xml version="1.0" encoding="UTF-8"?>
<!-- Generated by org.testng.reporters.JUnitXMLReporter -->
<testsuite ignored="0" hostname="DESKTOP-MN6P9BO" failures="0" tests="4" name="Test" time="241.701" errors="0" timestamp="2020-03-25T22:17:59 IST">
  <testcase classname="Test_Cases.Project_TestNg2" name="@AfterMethod hd" time="21.692">
    <failure type="org.openqa.selenium.ElementClickInterceptedException" message="Element &amp;lt;a class=&amp;quot;button is-rounded is-primary&amp;quot; href=&amp;quot;/solutions/continuous-testing&amp;quot;&amp;gt; is not clickable at point (200,576) because another element &amp;lt;div class=&amp;quot;cc-window cc-banner cc-type-info cc-theme-block cc-bottom cc-color-override-690243916 &amp;quot;&amp;gt; obscures it
Build info: version: &amp;apos;3.141.59&amp;apos;, revision: &amp;apos;e82be7d358&amp;apos;, time: &amp;apos;2018-11-14T08:17:03&amp;apos;
System info: host: &amp;apos;DESKTOP-MN6P9BO&amp;apos;, ip: &amp;apos;192.168.43.65&amp;apos;, os.name: &amp;apos;Windows 10&amp;apos;, os.arch: &amp;apos;amd64&amp;apos;, os.version: &amp;apos;10.0&amp;apos;, java.version: &amp;apos;13.0.2&amp;apos;
Driver info: org.openqa.selenium.firefox.FirefoxDriver
Capabilities {acceptInsecureCerts: true, browserName: firefox, browserVersion: 74.0, javascriptEnabled: true, moz:accessibilityChecks: false, moz:buildID: 20200309095159, moz:geckodriverVersion: 0.26.0, moz:headless: false, moz:processID: 6236, moz:profile: C:\Users\Anve\AppData\Local..., moz:shutdownTimeout: 60000, moz:useNonSpecCompliantPointerOrigin: false, moz:webdriverClick: true, pageLoadStrategy: normal, platform: WINDOWS, platformName: WINDOWS, platformVersion: 10.0, rotatable: false, setWindowRect: true, strictFileInteractability: false, timeouts: {implicit: 0, pageLoad: 300000, script: 30000}, unhandledPromptBehavior: dismiss and notify}
Session ID: 508b1c70-0357-4dab-a6df-d82dd5fe4dcb">
      <![CDATA[org.openqa.selenium.ElementClickInterceptedException: Element <a class="button is-rounded is-primary" href="/solutions/continuous-testing"> is not clickable at point (200,576) because another element <div class="cc-window cc-banner cc-type-info cc-theme-block cc-bottom cc-color-override-690243916 "> obscures it
Build info: version: '3.141.59', revision: 'e82be7d358', time: '2018-11-14T08:17:03'
System info: host: 'DESKTOP-MN6P9BO', ip: '192.168.43.65', os.name: 'Windows 10', os.arch: 'amd64', os.version: '10.0', java.version: '13.0.2'
Driver info: org.openqa.selenium.firefox.FirefoxDriver
Capabilities {acceptInsecureCerts: true, browserName: firefox, browserVersion: 74.0, javascriptEnabled: true, moz:accessibilityChecks: false, moz:buildID: 20200309095159, moz:geckodriverVersion: 0.26.0, moz:headless: false, moz:processID: 6236, moz:profile: C:\Users\Anve\AppData\Local..., moz:shutdownTimeout: 60000, moz:useNonSpecCompliantPointerOrigin: false, moz:webdriverClick: true, pageLoadStrategy: normal, platform: WINDOWS, platformName: WINDOWS, platformVersion: 10.0, rotatable: false, setWindowRect: true, strictFileInteractability: false, timeouts: {implicit: 0, pageLoad: 300000, script: 30000}, unhandledPromptBehavior: dismiss and notify}
Session ID: 508b1c70-0357-4dab-a6df-d82dd5fe4dcb
at org.openqa.selenium.remote.http.W3CHttpResponseCodec.createException(W3CHttpResponseCodec.java:187)
at org.openqa.selenium.remote.http.W3CHttpResponseCodec.decode(W3CHttpResponseCodec.java:122)
at org.openqa.selenium.remote.http.W3CHttpResponseCodec.decode(W3CHttpResponseCodec.java:49)
at org.openqa.selenium.remote.HttpCommandExecutor.execute(HttpCommandExecutor.java:158)
at org.openqa.selenium.remote.service.DriverCommandExecutor.execute(DriverCommandExecutor.java:83)
at org.openqa.selenium.remote.RemoteWebDriver.execute(RemoteWebDriver.java:552)
at org.openqa.selenium.remote.RemoteWebElement.execute(RemoteWebElement.java:285)
at org.openqa.selenium.remote.RemoteWebElement.click(RemoteWebElement.java:84)
at Pages.About_Page.any_btn(About_Page.java:27)
at Test_Cases.Project_TestNg2.AboutPage(Project_TestNg2.java:62)
at Test_Cases.Project_TestNg2.hd(Project_TestNg2.java:69)
at java.base/java.util.ArrayList.forEach(ArrayList.java:1507)
... Removed 37 stack frames]]>
    </failure>
  </testcase> <!-- @AfterMethod hd -->
  <testcase classname="Test_Cases.Project_TestNg2" name="@AfterMethod hd" time="-1.585154878416E9">
    <skipped/>
  </testcase> <!-- @AfterMethod hd -->
  <testcase classname="Test_Cases.Project_TestNg" name="Logindata" time="31.527"/>
  <testcase classname="Test_Cases.Project_TestNg" name="Logindata" time="35.593"/>
  <testcase classname="Test_Cases.Project_TestNg2" name="Logindata" time="80.507"/>
  <testcase classname="Test_Cases.Project_TestNg2" name="Logindata" time="0.0">
    <skipped/>
  </testcase> <!-- Logindata -->
</testsuite> <!-- Test -->
